<?xml version="1.0" encoding="UTF-8"?>
<testsuite name="hello.itemservice.domain.item.ItemRepositoryTest" tests="3" skipped="0" failures="0" errors="0" timestamp="2025-03-11T08:45:28" hostname="ahnhyeongjunui-MacBookPro.local" time="0.019">
  <properties/>
  <testcase name="findAll()" classname="hello.itemservice.domain.item.ItemRepositoryTest" time="0.001"/>
  <testcase name="updateItem()" classname="hello.itemservice.domain.item.ItemRepositoryTest" time="0.018"/>
  <testcase name="save()" classname="hello.itemservice.domain.item.ItemRepositoryTest" time="0.0"/>
  <system-out><![CDATA[]]></system-out>
  <system-err><![CDATA[]]></system-err>
</testsuite>
